<?xml version="1.0" encoding="UTF-8"?>
<testng-results skipped="0" failed="0" total="1" passed="1">
  <reporter-output>
  </reporter-output>
  <suite name="Default suite" duration-ms="17641" started-at="2022-11-02T17:41:43Z" finished-at="2022-11-02T17:42:00Z">
    <groups>
    </groups>
    <test name="Default test" duration-ms="17641" started-at="2022-11-02T17:41:43Z" finished-at="2022-11-02T17:42:00Z">
      <class name="youtube.Keyboardoperations">
        <test-method status="PASS" signature="srearch()[pri:0, instance:youtube.Keyboardoperations@7bb11784]" name="srearch" duration-ms="17617" started-at="2022-11-02T23:11:43Z" finished-at="2022-11-02T23:12:00Z">
          <reporter-output>
          </reporter-output>
        </test-method> <!-- srearch -->
      </class> <!-- youtube.Keyboardoperations -->
    </test> <!-- Default test -->
  </suite> <!-- Default suite -->
</testng-results>
